<?xml version="1.0" encoding="UTF-8"?>
<!-- Generated by org.testng.reporters.JUnitReportReporter -->
<testsuite hostname="SNUFFY" failures="0" tests="1" name="TC_Repo.LE_03" time="15.678" errors="0" timestamp="2024-08-30T19:40:21 IST" skipped="0">
  <testcase classname="TC_Repo.LE_03" name="le_03Case" time="15.678"/>
  <system-out>
    <![CDATA[ From this le_03Case execution starts!!
le_03Case Execution successfull!! ]]>
  </system-out>
</testsuite> <!-- TC_Repo.LE_03 -->
