<?xml version="1.0" encoding="UTF-8"?>
<!-- Generated by org.testng.reporters.JUnitReportReporter -->
<testsuite hostname="SNUFFY" failures="0" tests="1" name="TC_Repo.LE_04" time="12.905" errors="0" timestamp="2024-08-30T19:40:21 IST" skipped="0">
  <testcase classname="TC_Repo.LE_04" name="le_04Case" time="12.905"/>
  <system-out>
    <![CDATA[ From this le_04Case execution starts!!
le_04Case Execution successfull!! ]]>
  </system-out>
</testsuite> <!-- TC_Repo.LE_04 -->
