<?xml version="1.0" encoding="UTF-8"?>
<!-- Generated by org.testng.reporters.JUnitReportReporter -->
<testsuite hostname="SNUFFY" failures="0" tests="1" name="TC_Repo.OR_02" time="13.083" errors="0" timestamp="2024-08-30T19:40:21 IST" skipped="0">
  <testcase classname="TC_Repo.OR_02" name="or_Case01" time="13.083"/>
  <system-out>
    <![CDATA[ From this or_Case01 execution starts!!
or_Case01 Execution successfull!! ]]>
  </system-out>
</testsuite> <!-- TC_Repo.OR_02 -->
